<?xml version="1.0" encoding="UTF-8"?>
<coverage generated="1743977007">
  <project timestamp="1743977007">
    <package name="Talleu\RedisOm\Bundle\ApiPlatform\Extensions">
      <file name="/app/src/Bundle/ApiPlatform/Extensions/FilterExtension.php">
        <class name="Talleu\RedisOm\Bundle\ApiPlatform\Extensions\FilterExtension" namespace="Talleu\RedisOm\Bundle\ApiPlatform\Extensions">
          <metrics complexity="6" methods="2" coveredmethods="1" conditionals="0" coveredconditionals="0" statements="10" coveredstatements="9" elements="12" coveredelements="10"/>
        </class>
        <line num="13" type="method" name="__construct" visibility="public" complexity="1" crap="1" count="14"/>
        <line num="15" type="stmt" count="14"/>
        <line num="17" type="method" name="buildParams" visibility="public" complexity="5" crap="5.03" count="14"/>
        <line num="19" type="stmt" count="14"/>
        <line num="21" type="stmt" count="14"/>
        <line num="22" type="stmt" count="0"/>
        <line num="25" type="stmt" count="14"/>
        <line num="26" type="stmt" count="14"/>
        <line num="27" type="stmt" count="14"/>
        <line num="28" type="stmt" count="14"/>
        <line num="29" type="stmt" count="14"/>
        <line num="33" type="stmt" count="14"/>
        <metrics loc="36" ncloc="36" classes="1" methods="2" coveredmethods="1" conditionals="0" coveredconditionals="0" statements="10" coveredstatements="9" elements="12" coveredelements="10"/>
      </file>
      <file name="/app/src/Bundle/ApiPlatform/Extensions/PaginationExtension.php">
        <class name="Talleu\RedisOm\Bundle\ApiPlatform\Extensions\PaginationExtension" namespace="Talleu\RedisOm\Bundle\ApiPlatform\Extensions">
          <metrics complexity="9" methods="5" coveredmethods="4" conditionals="0" coveredconditionals="0" statements="14" coveredstatements="13" elements="19" coveredelements="17"/>
        </class>
        <line num="14" type="method" name="__construct" visibility="public" complexity="1" crap="1" count="14"/>
        <line num="16" type="stmt" count="14"/>
        <line num="18" type="method" name="buildParams" visibility="public" complexity="2" crap="2" count="14"/>
        <line num="20" type="stmt" count="14"/>
        <line num="21" type="stmt" count="1"/>
        <line num="24" type="stmt" count="13"/>
        <line num="26" type="stmt" count="13"/>
        <line num="29" type="method" name="supportsResult" visibility="public" complexity="2" crap="2.15" count="14"/>
        <line num="31" type="stmt" count="14"/>
        <line num="32" type="stmt" count="0"/>
        <line num="35" type="stmt" count="14"/>
        <line num="38" type="method" name="getResult" visibility="public" complexity="1" crap="1" count="13"/>
        <line num="40" type="stmt" count="13"/>
        <line num="42" type="stmt" count="13"/>
        <line num="48" type="method" name="getPagination" visibility="private" complexity="3" crap="3" count="14"/>
        <line num="50" type="stmt" count="14"/>
        <line num="52" type="stmt" count="14"/>
        <line num="53" type="stmt" count="1"/>
        <line num="56" type="stmt" count="13"/>
        <metrics loc="59" ncloc="56" classes="1" methods="5" coveredmethods="4" conditionals="0" coveredconditionals="0" statements="14" coveredstatements="13" elements="19" coveredelements="17"/>
      </file>
    </package>
    <file name="/app/src/Bundle/ApiPlatform/Extensions/QueryCollectionExtensionInterface.php">
      <metrics loc="13" ncloc="13" classes="0" methods="0" coveredmethods="0" conditionals="0" coveredconditionals="0" statements="0" coveredstatements="0" elements="0" coveredelements="0"/>
    </file>
    <file name="/app/src/Bundle/ApiPlatform/Extensions/QueryResultCollectionExtensionInterface.php">
      <metrics loc="17" ncloc="17" classes="0" methods="0" coveredmethods="0" conditionals="0" coveredconditionals="0" statements="0" coveredstatements="0" elements="0" coveredelements="0"/>
    </file>
    <package name="Talleu\RedisOm\Bundle\ApiPlatform\Filters">
      <file name="/app/src/Bundle/ApiPlatform/Filters/BooleanFilter.php">
        <class name="Talleu\RedisOm\Bundle\ApiPlatform\Filters\BooleanFilter" namespace="Talleu\RedisOm\Bundle\ApiPlatform\Filters">
          <metrics complexity="4" methods="2" coveredmethods="2" conditionals="0" coveredconditionals="0" statements="6" coveredstatements="6" elements="8" coveredelements="8"/>
        </class>
        <line num="13" type="method" name="apply" visibility="public" complexity="3" crap="3" count="11"/>
        <line num="15" type="stmt" count="11"/>
        <line num="16" type="stmt" count="10"/>
        <line num="17" type="stmt" count="2"/>
        <line num="20" type="stmt" count="10"/>
        <line num="23" type="stmt" count="11"/>
        <line num="26" type="method" name="getDescription" visibility="public" complexity="1" crap="1" count="11"/>
        <line num="28" type="stmt" count="11"/>
        <metrics loc="31" ncloc="31" classes="1" methods="2" coveredmethods="2" conditionals="0" coveredconditionals="0" statements="6" coveredstatements="6" elements="8" coveredelements="8"/>
      </file>
      <file name="/app/src/Bundle/ApiPlatform/Filters/NumericFilter.php">
        <class name="Talleu\RedisOm\Bundle\ApiPlatform\Filters\NumericFilter" namespace="Talleu\RedisOm\Bundle\ApiPlatform\Filters">
          <metrics complexity="5" methods="2" coveredmethods="2" conditionals="0" coveredconditionals="0" statements="8" coveredstatements="8" elements="10" coveredelements="10"/>
        </class>
        <line num="13" type="method" name="apply" visibility="public" complexity="4" crap="4" count="11"/>
        <line num="15" type="stmt" count="11"/>
        <line num="16" type="stmt" count="10"/>
        <line num="17" type="stmt" count="2"/>
        <line num="20" type="stmt" count="10"/>
        <line num="21" type="stmt" count="8"/>
        <line num="24" type="stmt" count="2"/>
        <line num="27" type="stmt" count="11"/>
        <line num="31" type="method" name="getDescription" visibility="public" complexity="1" crap="1" count="11"/>
        <line num="33" type="stmt" count="11"/>
        <metrics loc="36" ncloc="36" classes="1" methods="2" coveredmethods="2" conditionals="0" coveredconditionals="0" statements="8" coveredstatements="8" elements="10" coveredelements="10"/>
      </file>
      <file name="/app/src/Bundle/ApiPlatform/Filters/OrderFilter.php">
        <class name="Talleu\RedisOm\Bundle\ApiPlatform\Filters\OrderFilter" namespace="Talleu\RedisOm\Bundle\ApiPlatform\Filters">
          <metrics complexity="9" methods="2" coveredmethods="1" conditionals="0" coveredconditionals="0" statements="15" coveredstatements="11" elements="17" coveredelements="12"/>
        </class>
        <line num="13" type="method" name="apply" visibility="public" complexity="8" crap="9.49" count="11"/>
        <line num="15" type="stmt" count="11"/>
        <line num="16" type="stmt" count="10"/>
        <line num="17" type="stmt" count="10"/>
        <line num="20" type="stmt" count="2"/>
        <line num="21" type="stmt" count="0"/>
        <line num="24" type="stmt" count="2"/>
        <line num="25" type="stmt" count="2"/>
        <line num="26" type="stmt" count="0"/>
        <line num="29" type="stmt" count="2"/>
        <line num="30" type="stmt" count="0"/>
        <line num="33" type="stmt" count="2"/>
        <line num="34" type="stmt" count="0"/>
        <line num="37" type="stmt" count="2"/>
        <line num="41" type="stmt" count="11"/>
        <line num="45" type="method" name="getDescription" visibility="public" complexity="1" crap="1" count="11"/>
        <line num="47" type="stmt" count="11"/>
        <metrics loc="50" ncloc="50" classes="1" methods="2" coveredmethods="1" conditionals="0" coveredconditionals="0" statements="15" coveredstatements="11" elements="17" coveredelements="12"/>
      </file>
      <file name="/app/src/Bundle/ApiPlatform/Filters/RedisAbstractFilter.php">
        <class name="Talleu\RedisOm\Bundle\ApiPlatform\Filters\RedisAbstractFilter" namespace="Talleu\RedisOm\Bundle\ApiPlatform\Filters">
          <metrics complexity="9" methods="2" coveredmethods="1" conditionals="0" coveredconditionals="0" statements="16" coveredstatements="15" elements="18" coveredelements="16"/>
        </class>
        <line num="12" type="method" name="__construct" visibility="public" complexity="1" crap="1" count="18"/>
        <line num="14" type="stmt" count="18"/>
        <line num="18" type="method" name="isPropertyEnabled" visibility="public" complexity="8" crap="8.02" count="10"/>
        <line num="20" type="stmt" count="10"/>
        <line num="21" type="stmt" count="10"/>
        <line num="22" type="stmt" count="10"/>
        <line num="23" type="stmt" count="0"/>
        <line num="26" type="stmt" count="10"/>
        <line num="28" type="stmt" count="10"/>
        <line num="30" type="stmt" count="10"/>
        <line num="31" type="stmt" count="10"/>
        <line num="34" type="stmt" count="10"/>
        <line num="36" type="stmt" count="10"/>
        <line num="37" type="stmt" count="4"/>
        <line num="40" type="stmt" count="10"/>
        <line num="41" type="stmt" count="6"/>
        <line num="42" type="stmt" count="6"/>
        <line num="46" type="stmt" count="10"/>
        <metrics loc="49" ncloc="48" classes="1" methods="2" coveredmethods="1" conditionals="0" coveredconditionals="0" statements="16" coveredstatements="15" elements="18" coveredelements="16"/>
      </file>
      <file name="/app/src/Bundle/ApiPlatform/Filters/SearchFilter.php">
        <class name="Talleu\RedisOm\Bundle\ApiPlatform\Filters\SearchFilter" namespace="Talleu\RedisOm\Bundle\ApiPlatform\Filters">
          <metrics complexity="7" methods="2" coveredmethods="2" conditionals="0" coveredconditionals="0" statements="13" coveredstatements="13" elements="15" coveredelements="15"/>
        </class>
        <line num="13" type="method" name="apply" visibility="public" complexity="6" crap="6" count="14"/>
        <line num="15" type="stmt" count="14"/>
        <line num="16" type="stmt" count="13"/>
        <line num="17" type="stmt" count="2"/>
        <line num="20" type="stmt" count="13"/>
        <line num="21" type="stmt" count="3"/>
        <line num="24" type="stmt" count="10"/>
        <line num="25" type="stmt" count="4"/>
        <line num="28" type="stmt" count="6"/>
        <line num="29" type="stmt" count="6"/>
        <line num="30" type="stmt" count="2"/>
        <line num="33" type="stmt" count="6"/>
        <line num="36" type="stmt" count="14"/>
        <line num="39" type="method" name="getDescription" visibility="public" complexity="1" crap="1" count="14"/>
        <line num="41" type="stmt" count="14"/>
        <metrics loc="44" ncloc="44" classes="1" methods="2" coveredmethods="2" conditionals="0" coveredconditionals="0" statements="13" coveredstatements="13" elements="15" coveredelements="15"/>
      </file>
    </package>
    <file name="/app/src/Bundle/ApiPlatform/Filters/RedisFilterInterface.php">
      <metrics loc="14" ncloc="14" classes="0" methods="0" coveredmethods="0" conditionals="0" coveredconditionals="0" statements="0" coveredstatements="0" elements="0" coveredelements="0"/>
    </file>
    <package name="Talleu\RedisOm\Bundle\ApiPlatform\Metadata">
      <file name="/app/src/Bundle/ApiPlatform/Metadata/ResourceCollectionMetadataFactory.php">
        <class name="Talleu\RedisOm\Bundle\ApiPlatform\Metadata\ResourceCollectionMetadataFactory" namespace="Talleu\RedisOm\Bundle\ApiPlatform\Metadata">
          <metrics complexity="13" methods="3" coveredmethods="2" conditionals="0" coveredconditionals="0" statements="26" coveredstatements="20" elements="29" coveredelements="22"/>
        </class>
        <line num="26" type="method" name="__construct" visibility="public" complexity="1" crap="1" count="18"/>
        <line num="29" type="stmt" count="18"/>
        <line num="34" type="method" name="create" visibility="public" complexity="8" crap="9.73" count="1"/>
        <line num="36" type="stmt" count="1"/>
        <line num="39" type="stmt" count="1"/>
        <line num="40" type="stmt" count="1"/>
        <line num="42" type="stmt" count="1"/>
        <line num="44" type="stmt" count="1"/>
        <line num="45" type="stmt" count="1"/>
        <line num="47" type="stmt" count="1"/>
        <line num="48" type="stmt" count="1"/>
        <line num="51" type="stmt" count="1"/>
        <line num="54" type="stmt" count="1"/>
        <line num="57" type="stmt" count="1"/>
        <line num="59" type="stmt" count="1"/>
        <line num="60" type="stmt" count="0"/>
        <line num="61" type="stmt" count="0"/>
        <line num="63" type="stmt" count="0"/>
        <line num="64" type="stmt" count="0"/>
        <line num="67" type="stmt" count="0"/>
        <line num="70" type="stmt" count="0"/>
        <line num="73" type="stmt" count="1"/>
        <line num="76" type="stmt" count="1"/>
        <line num="79" type="method" name="addDefaults" visibility="private" complexity="4" crap="4" count="1"/>
        <line num="81" type="stmt" count="1"/>
        <line num="82" type="stmt" count="1"/>
        <line num="85" type="stmt" count="1"/>
        <line num="86" type="stmt" count="1"/>
        <line num="89" type="stmt" count="1"/>
        <metrics loc="92" ncloc="80" classes="1" methods="3" coveredmethods="2" conditionals="0" coveredconditionals="0" statements="26" coveredstatements="20" elements="29" coveredelements="22"/>
      </file>
    </package>
    <package name="Talleu\RedisOm\Bundle\ApiPlatform">
      <file name="/app/src/Bundle/ApiPlatform/RedisPaginator.php">
        <class name="Talleu\RedisOm\Bundle\ApiPlatform\RedisPaginator" namespace="Talleu\RedisOm\Bundle\ApiPlatform">
          <metrics complexity="15" methods="8" coveredmethods="3" conditionals="0" coveredconditionals="0" statements="23" coveredstatements="16" elements="31" coveredelements="19"/>
        </class>
        <line num="25" type="method" name="__construct" visibility="public" complexity="2" crap="2" count="13"/>
        <line num="27" type="stmt" count="13"/>
        <line num="28" type="stmt" count="13"/>
        <line num="29" type="stmt" count="13"/>
        <line num="30" type="stmt" count="13"/>
        <line num="32" type="stmt" count="13"/>
        <line num="33" type="stmt" count="2"/>
        <line num="34" type="stmt" count="2"/>
        <line num="41" type="method" name="getCurrentPage" visibility="public" complexity="2" crap="2.15" count="13"/>
        <line num="43" type="stmt" count="13"/>
        <line num="44" type="stmt" count="0"/>
        <line num="47" type="stmt" count="13"/>
        <line num="53" type="method" name="getItemsPerPage" visibility="public" complexity="1" crap="2" count="0"/>
        <line num="55" type="stmt" count="0"/>
        <line num="61" type="method" name="getIterator" visibility="public" complexity="2" crap="2" count="13"/>
        <line num="63" type="stmt" count="13"/>
        <line num="65" type="stmt" count="13"/>
        <line num="71" type="method" name="count" visibility="public" complexity="1" crap="2" count="0"/>
        <line num="73" type="stmt" count="0"/>
        <line num="79" type="method" name="getLastPage" visibility="public" complexity="3" crap="3.33" count="13"/>
        <line num="81" type="stmt" count="13"/>
        <line num="82" type="stmt" count="0"/>
        <line num="85" type="stmt" count="13"/>
        <line num="91" type="method" name="getTotalItems" visibility="public" complexity="2" crap="2" count="13"/>
        <line num="93" type="stmt" count="13"/>
        <line num="94" type="stmt" count="13"/>
        <line num="96" type="stmt" count="13"/>
        <line num="102" type="method" name="hasNextPage" visibility="public" complexity="2" crap="6" count="0"/>
        <line num="104" type="stmt" count="0"/>
        <line num="105" type="stmt" count="0"/>
        <line num="108" type="stmt" count="0"/>
        <metrics loc="111" ncloc="87" classes="1" methods="8" coveredmethods="3" conditionals="0" coveredconditionals="0" statements="23" coveredstatements="16" elements="31" coveredelements="19"/>
      </file>
    </package>
    <package name="Talleu\RedisOm\Bundle\ApiPlatform\State">
      <file name="/app/src/Bundle/ApiPlatform/State/CollectionProvider.php">
        <class name="Talleu\RedisOm\Bundle\ApiPlatform\State\CollectionProvider" namespace="Talleu\RedisOm\Bundle\ApiPlatform\State">
          <metrics complexity="7" methods="2" coveredmethods="1" conditionals="0" coveredconditionals="0" statements="14" coveredstatements="12" elements="16" coveredelements="13"/>
        </class>
        <line num="19" type="method" name="__construct" visibility="public" complexity="1" crap="1" count="17"/>
        <line num="21" type="stmt" count="17"/>
        <line num="23" type="method" name="provide" visibility="public" complexity="6" crap="6.13" count="14"/>
        <line num="25" type="stmt" count="14"/>
        <line num="27" type="stmt" count="14"/>
        <line num="28" type="stmt" count="14"/>
        <line num="29" type="stmt" count="14"/>
        <line num="31" type="stmt" count="14"/>
        <line num="32" type="stmt" count="14"/>
        <line num="34" type="stmt" count="14"/>
        <line num="35" type="stmt" count="13"/>
        <line num="39" type="stmt" count="1"/>
        <line num="40" type="stmt" count="1"/>
        <line num="41" type="stmt" count="0"/>
        <line num="42" type="stmt" count="0"/>
        <line num="45" type="stmt" count="1"/>
        <metrics loc="48" ncloc="45" classes="1" methods="2" coveredmethods="1" conditionals="0" coveredconditionals="0" statements="14" coveredstatements="12" elements="16" coveredelements="13"/>
      </file>
      <file name="/app/src/Bundle/ApiPlatform/State/ItemProvider.php">
        <class name="Talleu\RedisOm\Bundle\ApiPlatform\State\ItemProvider" namespace="Talleu\RedisOm\Bundle\ApiPlatform\State">
          <metrics complexity="2" methods="2" coveredmethods="2" conditionals="0" coveredconditionals="0" statements="2" coveredstatements="2" elements="4" coveredelements="4"/>
        </class>
        <line num="13" type="method" name="__construct" visibility="public" complexity="1" crap="1" count="14"/>
        <line num="15" type="stmt" count="14"/>
        <line num="17" type="method" name="provide" visibility="public" complexity="1" crap="1" count="3"/>
        <line num="19" type="stmt" count="3"/>
        <metrics loc="22" ncloc="22" classes="1" methods="2" coveredmethods="2" conditionals="0" coveredconditionals="0" statements="2" coveredstatements="2" elements="4" coveredelements="4"/>
      </file>
      <file name="/app/src/Bundle/ApiPlatform/State/RedisProcessor.php">
        <class name="Talleu\RedisOm\Bundle\ApiPlatform\State\RedisProcessor" namespace="Talleu\RedisOm\Bundle\ApiPlatform\State">
          <metrics complexity="4" methods="2" coveredmethods="1" conditionals="0" coveredconditionals="0" statements="10" coveredstatements="9" elements="12" coveredelements="10"/>
        </class>
        <line num="14" type="method" name="__construct" visibility="public" complexity="1" crap="1" count="3"/>
        <line num="16" type="stmt" count="3"/>
        <line num="18" type="method" name="process" visibility="public" complexity="3" crap="3.01" count="3"/>
        <line num="20" type="stmt" count="3"/>
        <line num="21" type="stmt" count="0"/>
        <line num="24" type="stmt" count="3"/>
        <line num="25" type="stmt" count="1"/>
        <line num="26" type="stmt" count="1"/>
        <line num="28" type="stmt" count="1"/>
        <line num="31" type="stmt" count="2"/>
        <line num="32" type="stmt" count="2"/>
        <line num="34" type="stmt" count="2"/>
        <metrics loc="37" ncloc="37" classes="1" methods="2" coveredmethods="1" conditionals="0" coveredconditionals="0" statements="10" coveredstatements="9" elements="12" coveredelements="10"/>
      </file>
      <file name="/app/src/Bundle/ApiPlatform/State/RedisProvider.php">
        <class name="Talleu\RedisOm\Bundle\ApiPlatform\State\RedisProvider" namespace="Talleu\RedisOm\Bundle\ApiPlatform\State">
          <metrics complexity="3" methods="2" coveredmethods="2" conditionals="0" coveredconditionals="0" statements="4" coveredstatements="4" elements="6" coveredelements="6"/>
        </class>
        <line num="14" type="method" name="__construct" visibility="public" complexity="1" crap="1" count="14"/>
        <line num="16" type="stmt" count="14"/>
        <line num="18" type="method" name="provide" visibility="public" complexity="2" crap="2" count="14"/>
        <line num="20" type="stmt" count="14"/>
        <line num="21" type="stmt" count="11"/>
        <line num="24" type="stmt" count="3"/>
        <metrics loc="27" ncloc="27" classes="1" methods="2" coveredmethods="2" conditionals="0" coveredconditionals="0" statements="4" coveredstatements="4" elements="6" coveredelements="6"/>
      </file>
    </package>
    <package name="Talleu\RedisOm\Bundle\DependencyInjection">
      <file name="/app/src/Bundle/DependencyInjection/TalleuRedisOmExtension.php">
        <class name="Talleu\RedisOm\Bundle\DependencyInjection\TalleuRedisOmExtension" namespace="Talleu\RedisOm\Bundle\DependencyInjection">
          <metrics complexity="8" methods="5" coveredmethods="5" conditionals="0" coveredconditionals="0" statements="29" coveredstatements="29" elements="34" coveredelements="34"/>
        </class>
        <line num="26" type="method" name="load" visibility="public" complexity="2" crap="2" count="1"/>
        <line num="28" type="stmt" count="1"/>
        <line num="29" type="stmt" count="1"/>
        <line num="32" type="stmt" count="1"/>
        <line num="33" type="stmt" count="1"/>
        <line num="34" type="stmt" count="1"/>
        <line num="38" type="method" name="registerApiPlatformServices" visibility="private" complexity="1" crap="1" count="1"/>
        <line num="40" type="stmt" count="1"/>
        <line num="41" type="stmt" count="1"/>
        <line num="43" type="stmt" count="1"/>
        <line num="44" type="stmt" count="1"/>
        <line num="45" type="stmt" count="1"/>
        <line num="48" type="method" name="registerProviders" visibility="private" complexity="2" crap="2" count="1"/>
        <line num="50" type="stmt" count="1"/>
        <line num="51" type="stmt" count="1"/>
        <line num="52" type="stmt" count="1"/>
        <line num="53" type="stmt" count="1"/>
        <line num="54" type="stmt" count="1"/>
        <line num="55" type="stmt" count="1"/>
        <line num="56" type="stmt" count="1"/>
        <line num="60" type="method" name="registerProcessor" visibility="private" complexity="2" crap="2" count="1"/>
        <line num="62" type="stmt" count="1"/>
        <line num="63" type="stmt" count="1"/>
        <line num="64" type="stmt" count="1"/>
        <line num="65" type="stmt" count="1"/>
        <line num="66" type="stmt" count="1"/>
        <line num="67" type="stmt" count="1"/>
        <line num="68" type="stmt" count="1"/>
        <line num="72" type="method" name="registerFilters" visibility="private" complexity="1" crap="1" count="1"/>
        <line num="74" type="stmt" count="1"/>
        <line num="75" type="stmt" count="1"/>
        <line num="76" type="stmt" count="1"/>
        <line num="77" type="stmt" count="1"/>
        <line num="79" type="stmt" count="1"/>
        <metrics loc="82" ncloc="81" classes="1" methods="5" coveredmethods="5" conditionals="0" coveredconditionals="0" statements="29" coveredstatements="29" elements="34" coveredelements="34"/>
      </file>
    </package>
    <package name="Talleu\RedisOm\Bundle">
      <file name="/app/src/Bundle/TalleuRedisOmBundle.php">
        <class name="Talleu\RedisOm\Bundle\TalleuRedisOmBundle" namespace="Talleu\RedisOm\Bundle">
          <metrics complexity="3" methods="2" coveredmethods="2" conditionals="0" coveredconditionals="0" statements="4" coveredstatements="4" elements="6" coveredelements="6"/>
        </class>
        <line num="16" type="method" name="boot" visibility="public" complexity="1" crap="1" count="18"/>
        <line num="18" type="stmt" count="18"/>
        <line num="20" type="method" name="getContainerExtension" visibility="public" complexity="2" crap="2" count="1"/>
        <line num="22" type="stmt" count="1"/>
        <line num="23" type="stmt" count="1"/>
        <line num="26" type="stmt" count="1"/>
        <metrics loc="29" ncloc="26" classes="1" methods="2" coveredmethods="2" conditionals="0" coveredconditionals="0" statements="4" coveredstatements="4" elements="6" coveredelements="6"/>
      </file>
    </package>
    <package name="Talleu\RedisOm\Client\Helper">
      <file name="/app/src/Client/Helper/Converter.php">
        <class name="Talleu\RedisOm\Client\Helper\Converter" namespace="Talleu\RedisOm\Client\Helper">
          <metrics complexity="1" methods="1" coveredmethods="1" conditionals="0" coveredconditionals="0" statements="1" coveredstatements="1" elements="2" coveredelements="2"/>
        </class>
        <line num="9" type="method" name="prefix" visibility="public" complexity="1" crap="1" count="125"/>
        <line num="11" type="stmt" count="125"/>
        <metrics loc="14" ncloc="14" classes="1" methods="1" coveredmethods="1" conditionals="0" coveredconditionals="0" statements="1" coveredstatements="1" elements="2" coveredelements="2"/>
      </file>
    </package>
    <package name="Talleu\RedisOm\Client">
      <file name="/app/src/Client/PredisClient.php">
        <class name="Talleu\RedisOm\Client\PredisClient" namespace="Talleu\RedisOm\Client">
          <metrics complexity="81" methods="26" coveredmethods="0" conditionals="0" coveredconditionals="0" statements="181" coveredstatements="0" elements="207" coveredelements="0"/>
        </class>
        <line num="18" type="method" name="__construct" visibility="public" complexity="6" crap="42" count="0"/>
        <line num="20" type="stmt" count="0"/>
        <line num="22" type="stmt" count="0"/>
        <line num="23" type="stmt" count="0"/>
        <line num="26" type="stmt" count="0"/>
        <line num="27" type="stmt" count="0"/>
        <line num="30" type="stmt" count="0"/>
        <line num="31" type="stmt" count="0"/>
        <line num="34" type="stmt" count="0"/>
        <line num="35" type="stmt" count="0"/>
        <line num="38" type="stmt" count="0"/>
        <line num="41" type="method" name="createPersistentConnection" visibility="public" complexity="1" crap="2" count="0"/>
        <line num="44" type="stmt" count="0"/>
        <line num="45" type="stmt" count="0"/>
        <line num="47" type="stmt" count="0"/>
        <line num="48" type="stmt" count="0"/>
        <line num="49" type="stmt" count="0"/>
        <line num="50" type="stmt" count="0"/>
        <line num="51" type="stmt" count="0"/>
        <line num="52" type="stmt" count="0"/>
        <line num="53" type="stmt" count="0"/>
        <line num="59" type="method" name="hMSet" visibility="public" complexity="2" crap="6" count="0"/>
        <line num="61" type="stmt" count="0"/>
        <line num="62" type="stmt" count="0"/>
        <line num="66" type="method" name="getLastError" visibility="private" complexity="2" crap="6" count="0"/>
        <line num="69" type="stmt" count="0"/>
        <line num="70" type="stmt" count="0"/>
        <line num="71" type="stmt" count="0"/>
        <line num="79" type="method" name="hGetAll" visibility="public" complexity="1" crap="2" count="0"/>
        <line num="81" type="stmt" count="0"/>
        <line num="87" type="method" name="hget" visibility="public" complexity="2" crap="6" count="0"/>
        <line num="89" type="stmt" count="0"/>
        <line num="91" type="stmt" count="0"/>
        <line num="92" type="stmt" count="0"/>
        <line num="95" type="stmt" count="0"/>
        <line num="101" type="method" name="del" visibility="public" complexity="2" crap="6" count="0"/>
        <line num="103" type="stmt" count="0"/>
        <line num="104" type="stmt" count="0"/>
        <line num="111" type="method" name="jsonGet" visibility="public" complexity="2" crap="6" count="0"/>
        <line num="113" type="stmt" count="0"/>
        <line num="115" type="stmt" count="0"/>
        <line num="116" type="stmt" count="0"/>
        <line num="119" type="stmt" count="0"/>
        <line num="125" type="method" name="jsonGetProperty" visibility="public" complexity="2" crap="6" count="0"/>
        <line num="127" type="stmt" count="0"/>
        <line num="129" type="stmt" count="0"/>
        <line num="130" type="stmt" count="0"/>
        <line num="133" type="stmt" count="0"/>
        <line num="139" type="method" name="jsonSet" visibility="public" complexity="2" crap="6" count="0"/>
        <line num="141" type="stmt" count="0"/>
        <line num="142" type="stmt" count="0"/>
        <line num="149" type="method" name="jsonMSet" visibility="public" complexity="5" crap="30" count="0"/>
        <line num="151" type="stmt" count="0"/>
        <line num="152" type="stmt" count="0"/>
        <line num="153" type="stmt" count="0"/>
        <line num="154" type="stmt" count="0"/>
        <line num="157" type="stmt" count="0"/>
        <line num="158" type="stmt" count="0"/>
        <line num="159" type="stmt" count="0"/>
        <line num="160" type="stmt" count="0"/>
        <line num="164" type="stmt" count="0"/>
        <line num="165" type="stmt" count="0"/>
        <line num="172" type="method" name="jsonDel" visibility="public" complexity="2" crap="6" count="0"/>
        <line num="174" type="stmt" count="0"/>
        <line num="175" type="stmt" count="0"/>
        <line num="182" type="method" name="createIndex" visibility="public" complexity="6" crap="42" count="0"/>
        <line num="184" type="stmt" count="0"/>
        <line num="185" type="stmt" count="0"/>
        <line num="188" type="stmt" count="0"/>
        <line num="190" type="stmt" count="0"/>
        <line num="191" type="stmt" count="0"/>
        <line num="192" type="stmt" count="0"/>
        <line num="193" type="stmt" count="0"/>
        <line num="194" type="stmt" count="0"/>
        <line num="195" type="stmt" count="0"/>
        <line num="197" type="stmt" count="0"/>
        <line num="198" type="stmt" count="0"/>
        <line num="199" type="stmt" count="0"/>
        <line num="200" type="stmt" count="0"/>
        <line num="203" type="stmt" count="0"/>
        <line num="206" type="stmt" count="0"/>
        <line num="207" type="stmt" count="0"/>
        <line num="208" type="stmt" count="0"/>
        <line num="209" type="stmt" count="0"/>
        <line num="210" type="stmt" count="0"/>
        <line num="211" type="stmt" count="0"/>
        <line num="214" type="stmt" count="0"/>
        <line num="215" type="stmt" count="0"/>
        <line num="218" type="stmt" count="0"/>
        <line num="219" type="stmt" count="0"/>
        <line num="226" type="method" name="dropIndex" visibility="public" complexity="2" crap="6" count="0"/>
        <line num="229" type="stmt" count="0"/>
        <line num="230" type="stmt" count="0"/>
        <line num="231" type="stmt" count="0"/>
        <line num="232" type="stmt" count="0"/>
        <line num="235" type="stmt" count="0"/>
        <line num="241" type="method" name="count" visibility="public" complexity="5" crap="30" count="0"/>
        <line num="243" type="stmt" count="0"/>
        <line num="245" type="stmt" count="0"/>
        <line num="246" type="stmt" count="0"/>
        <line num="248" type="stmt" count="0"/>
        <line num="249" type="stmt" count="0"/>
        <line num="250" type="stmt" count="0"/>
        <line num="252" type="stmt" count="0"/>
        <line num="257" type="stmt" count="0"/>
        <line num="259" type="stmt" count="0"/>
        <line num="260" type="stmt" count="0"/>
        <line num="263" type="stmt" count="0"/>
        <line num="269" type="method" name="scanKeys" visibility="public" complexity="3" crap="12" count="0"/>
        <line num="271" type="stmt" count="0"/>
        <line num="272" type="stmt" count="0"/>
        <line num="274" type="stmt" count="0"/>
        <line num="275" type="stmt" count="0"/>
        <line num="276" type="stmt" count="0"/>
        <line num="277" type="stmt" count="0"/>
        <line num="281" type="stmt" count="0"/>
        <line num="283" type="stmt" count="0"/>
        <line num="289" type="method" name="flushAll" visibility="public" complexity="2" crap="6" count="0"/>
        <line num="291" type="stmt" count="0"/>
        <line num="292" type="stmt" count="0"/>
        <line num="299" type="method" name="expire" visibility="public" complexity="2" crap="6" count="0"/>
        <line num="301" type="stmt" count="0"/>
        <line num="302" type="stmt" count="0"/>
        <line num="306" type="method" name="expireTime" visibility="public" complexity="2" crap="6" count="0"/>
        <line num="308" type="stmt" count="0"/>
        <line num="309" type="stmt" count="0"/>
        <line num="310" type="stmt" count="0"/>
        <line num="313" type="stmt" count="0"/>
        <line num="319" type="method" name="keys" visibility="public" complexity="1" crap="2" count="0"/>
        <line num="321" type="stmt" count="0"/>
        <line num="327" type="method" name="search" visibility="public" complexity="9" crap="90" count="0"/>
        <line num="329" type="stmt" count="0"/>
        <line num="331" type="stmt" count="0"/>
        <line num="332" type="stmt" count="0"/>
        <line num="334" type="stmt" count="0"/>
        <line num="335" type="stmt" count="0"/>
        <line num="336" type="stmt" count="0"/>
        <line num="337" type="stmt" count="0"/>
        <line num="339" type="stmt" count="0"/>
        <line num="343" type="stmt" count="0"/>
        <line num="346" type="stmt" count="0"/>
        <line num="347" type="stmt" count="0"/>
        <line num="348" type="stmt" count="0"/>
        <line num="349" type="stmt" count="0"/>
        <line num="352" type="stmt" count="0"/>
        <line num="353" type="stmt" count="0"/>
        <line num="354" type="stmt" count="0"/>
        <line num="355" type="stmt" count="0"/>
        <line num="359" type="stmt" count="0"/>
        <line num="360" type="stmt" count="0"/>
        <line num="361" type="stmt" count="0"/>
        <line num="364" type="stmt" count="0"/>
        <line num="365" type="stmt" count="0"/>
        <line num="368" type="stmt" count="0"/>
        <line num="369" type="stmt" count="0"/>
        <line num="372" type="stmt" count="0"/>
        <line num="378" type="method" name="customSearch" visibility="public" complexity="4" crap="20" count="0"/>
        <line num="380" type="stmt" count="0"/>
        <line num="383" type="stmt" count="0"/>
        <line num="384" type="stmt" count="0"/>
        <line num="385" type="stmt" count="0"/>
        <line num="388" type="stmt" count="0"/>
        <line num="389" type="stmt" count="0"/>
        <line num="392" type="stmt" count="0"/>
        <line num="393" type="stmt" count="0"/>
        <line num="396" type="stmt" count="0"/>
        <line num="402" type="method" name="searchLike" visibility="public" complexity="5" crap="30" count="0"/>
        <line num="404" type="stmt" count="0"/>
        <line num="406" type="stmt" count="0"/>
        <line num="409" type="stmt" count="0"/>
        <line num="410" type="stmt" count="0"/>
        <line num="411" type="stmt" count="0"/>
        <line num="414" type="stmt" count="0"/>
        <line num="415" type="stmt" count="0"/>
        <line num="418" type="stmt" count="0"/>
        <line num="419" type="stmt" count="0"/>
        <line num="422" type="stmt" count="0"/>
        <line num="423" type="stmt" count="0"/>
        <line num="426" type="stmt" count="0"/>
        <line num="429" type="method" name="convertPrefix" visibility="public" complexity="1" crap="2" count="0"/>
        <line num="431" type="stmt" count="0"/>
        <line num="434" type="method" name="handleError" visibility="private" complexity="1" crap="2" count="0"/>
        <line num="436" type="stmt" count="0"/>
        <line num="437" type="stmt" count="0"/>
        <line num="438" type="stmt" count="0"/>
        <line num="439" type="stmt" count="0"/>
        <line num="440" type="stmt" count="0"/>
        <line num="443" type="method" name="extractRedisData" visibility="private" complexity="9" crap="90" count="0"/>
        <line num="445" type="stmt" count="0"/>
        <line num="446" type="stmt" count="0"/>
        <line num="447" type="stmt" count="0"/>
        <line num="449" type="stmt" count="0"/>
        <line num="450" type="stmt" count="0"/>
        <line num="451" type="stmt" count="0"/>
        <line num="452" type="stmt" count="0"/>
        <line num="454" type="stmt" count="0"/>
        <line num="455" type="stmt" count="0"/>
        <line num="458" type="stmt" count="0"/>
        <line num="460" type="stmt" count="0"/>
        <line num="461" type="stmt" count="0"/>
        <line num="462" type="stmt" count="0"/>
        <line num="463" type="stmt" count="0"/>
        <line num="464" type="stmt" count="0"/>
        <line num="468" type="stmt" count="0"/>
        <line num="470" type="stmt" count="0"/>
        <line num="471" type="stmt" count="0"/>
        <line num="476" type="stmt" count="0"/>
        <metrics loc="479" ncloc="419" classes="1" methods="26" coveredmethods="0" conditionals="0" coveredconditionals="0" statements="181" coveredstatements="0" elements="207" coveredelements="0"/>
      </file>
      <file name="/app/src/Client/RedisClient.php">
        <class name="Talleu\RedisOm\Client\RedisClient" namespace="Talleu\RedisOm\Client">
          <metrics complexity="79" methods="24" coveredmethods="4" conditionals="0" coveredconditionals="0" statements="175" coveredstatements="135" elements="199" coveredelements="139"/>
        </class>
        <line num="16" type="method" name="__construct" visibility="public" complexity="6" crap="6.07" count="127"/>
        <line num="18" type="stmt" count="127"/>
        <line num="20" type="stmt" count="127"/>
        <line num="21" type="stmt" count="127"/>
        <line num="24" type="stmt" count="127"/>
        <line num="25" type="stmt" count="127"/>
        <line num="28" type="stmt" count="127"/>
        <line num="29" type="stmt" count="0"/>
        <line num="32" type="stmt" count="127"/>
        <line num="38" type="method" name="createPersistentConnection" visibility="public" complexity="1" crap="1" count="127"/>
        <line num="40" type="stmt" count="127"/>
        <line num="41" type="stmt" count="127"/>
        <line num="42" type="stmt" count="127"/>
        <line num="43" type="stmt" count="127"/>
        <line num="44" type="stmt" count="127"/>
        <line num="50" type="method" name="hMSet" visibility="public" complexity="2" crap="2.50" count="73"/>
        <line num="52" type="stmt" count="73"/>
        <line num="53" type="stmt" count="0"/>
        <line num="60" type="method" name="hget" visibility="public" complexity="2" crap="2.06" count="1"/>
        <line num="62" type="stmt" count="1"/>
        <line num="64" type="stmt" count="1"/>
        <line num="65" type="stmt" count="0"/>
        <line num="68" type="stmt" count="1"/>
        <line num="74" type="method" name="hGetAll" visibility="public" complexity="2" crap="2.06" count="13"/>
        <line num="76" type="stmt" count="13"/>
        <line num="78" type="stmt" count="13"/>
        <line num="79" type="stmt" count="0"/>
        <line num="82" type="stmt" count="13"/>
        <line num="88" type="method" name="del" visibility="public" complexity="2" crap="2.50" count="2"/>
        <line num="90" type="stmt" count="2"/>
        <line num="91" type="stmt" count="0"/>
        <line num="98" type="method" name="jsonGet" visibility="public" complexity="2" crap="2.06" count="9"/>
        <line num="100" type="stmt" count="9"/>
        <line num="102" type="stmt" count="9"/>
        <line num="103" type="stmt" count="0"/>
        <line num="106" type="stmt" count="9"/>
        <line num="112" type="method" name="jsonGetProperty" visibility="public" complexity="2" crap="2.06" count="1"/>
        <line num="114" type="stmt" count="1"/>
        <line num="116" type="stmt" count="1"/>
        <line num="117" type="stmt" count="0"/>
        <line num="120" type="stmt" count="1"/>
        <line num="126" type="method" name="jsonSet" visibility="public" complexity="2" crap="2.50" count="9"/>
        <line num="128" type="stmt" count="9"/>
        <line num="129" type="stmt" count="0"/>
        <line num="136" type="method" name="jsonMSet" visibility="public" complexity="5" crap="5.20" count="43"/>
        <line num="138" type="stmt" count="43"/>
        <line num="139" type="stmt" count="43"/>
        <line num="140" type="stmt" count="43"/>
        <line num="141" type="stmt" count="0"/>
        <line num="144" type="stmt" count="43"/>
        <line num="145" type="stmt" count="43"/>
        <line num="146" type="stmt" count="43"/>
        <line num="147" type="stmt" count="43"/>
        <line num="151" type="stmt" count="43"/>
        <line num="152" type="stmt" count="0"/>
        <line num="159" type="method" name="jsonDel" visibility="public" complexity="2" crap="6" count="0"/>
        <line num="161" type="stmt" count="0"/>
        <line num="162" type="stmt" count="0"/>
        <line num="169" type="method" name="createIndex" visibility="public" complexity="6" crap="6.02" count="125"/>
        <line num="171" type="stmt" count="125"/>
        <line num="172" type="stmt" count="125"/>
        <line num="175" type="stmt" count="125"/>
        <line num="177" type="stmt" count="125"/>
        <line num="178" type="stmt" count="125"/>
        <line num="179" type="stmt" count="125"/>
        <line num="180" type="stmt" count="125"/>
        <line num="181" type="stmt" count="125"/>
        <line num="182" type="stmt" count="125"/>
        <line num="184" type="stmt" count="125"/>
        <line num="185" type="stmt" count="125"/>
        <line num="186" type="stmt" count="125"/>
        <line num="187" type="stmt" count="125"/>
        <line num="190" type="stmt" count="125"/>
        <line num="193" type="stmt" count="125"/>
        <line num="194" type="stmt" count="125"/>
        <line num="195" type="stmt" count="125"/>
        <line num="196" type="stmt" count="125"/>
        <line num="197" type="stmt" count="125"/>
        <line num="198" type="stmt" count="125"/>
        <line num="201" type="stmt" count="125"/>
        <line num="202" type="stmt" count="0"/>
        <line num="206" type="stmt" count="125"/>
        <line num="207" type="stmt" count="0"/>
        <line num="214" type="method" name="dropIndex" visibility="public" complexity="2" crap="2" count="125"/>
        <line num="217" type="stmt" count="125"/>
        <line num="218" type="stmt" count="125"/>
        <line num="219" type="stmt" count="125"/>
        <line num="220" type="stmt" count="125"/>
        <line num="223" type="stmt" count="125"/>
        <line num="229" type="method" name="count" visibility="public" complexity="5" crap="5.02" count="13"/>
        <line num="231" type="stmt" count="13"/>
        <line num="233" type="stmt" count="13"/>
        <line num="234" type="stmt" count="3"/>
        <line num="236" type="stmt" count="10"/>
        <line num="237" type="stmt" count="10"/>
        <line num="238" type="stmt" count="8"/>
        <line num="240" type="stmt" count="2"/>
        <line num="245" type="stmt" count="13"/>
        <line num="247" type="stmt" count="13"/>
        <line num="248" type="stmt" count="0"/>
        <line num="251" type="stmt" count="13"/>
        <line num="257" type="method" name="scanKeys" visibility="public" complexity="3" crap="12" count="0"/>
        <line num="259" type="stmt" count="0"/>
        <line num="260" type="stmt" count="0"/>
        <line num="261" type="stmt" count="0"/>
        <line num="262" type="stmt" count="0"/>
        <line num="263" type="stmt" count="0"/>
        <line num="264" type="stmt" count="0"/>
        <line num="268" type="stmt" count="0"/>
        <line num="274" type="method" name="flushAll" visibility="public" complexity="2" crap="2.50" count="125"/>
        <line num="276" type="stmt" count="125"/>
        <line num="277" type="stmt" count="0"/>
        <line num="284" type="method" name="expire" visibility="public" complexity="2" crap="2.50" count="4"/>
        <line num="286" type="stmt" count="4"/>
        <line num="287" type="stmt" count="0"/>
        <line num="294" type="method" name="expireTime" visibility="public" complexity="2" crap="2.06" count="4"/>
        <line num="296" type="stmt" count="4"/>
        <line num="297" type="stmt" count="4"/>
        <line num="298" type="stmt" count="0"/>
        <line num="301" type="stmt" count="4"/>
        <line num="307" type="method" name="keys" visibility="public" complexity="1" crap="1" count="6"/>
        <line num="309" type="stmt" count="6"/>
        <line num="315" type="method" name="search" visibility="public" complexity="10" crap="10.11" count="84"/>
        <line num="317" type="stmt" count="84"/>
        <line num="319" type="stmt" count="84"/>
        <line num="320" type="stmt" count="12"/>
        <line num="322" type="stmt" count="72"/>
        <line num="323" type="stmt" count="72"/>
        <line num="324" type="stmt" count="72"/>
        <line num="325" type="stmt" count="62"/>
        <line num="327" type="stmt" count="10"/>
        <line num="331" type="stmt" count="72"/>
        <line num="334" type="stmt" count="84"/>
        <line num="335" type="stmt" count="4"/>
        <line num="336" type="stmt" count="4"/>
        <line num="337" type="stmt" count="4"/>
        <line num="339" type="stmt" count="84"/>
        <line num="340" type="stmt" count="84"/>
        <line num="341" type="stmt" count="84"/>
        <line num="342" type="stmt" count="84"/>
        <line num="345" type="stmt" count="84"/>
        <line num="346" type="stmt" count="84"/>
        <line num="347" type="stmt" count="84"/>
        <line num="348" type="stmt" count="84"/>
        <line num="352" type="stmt" count="84"/>
        <line num="353" type="stmt" count="0"/>
        <line num="354" type="stmt" count="0"/>
        <line num="357" type="stmt" count="84"/>
        <line num="358" type="stmt" count="0"/>
        <line num="361" type="stmt" count="84"/>
        <line num="362" type="stmt" count="21"/>
        <line num="365" type="stmt" count="73"/>
        <line num="371" type="method" name="customSearch" visibility="public" complexity="4" crap="4.59" count="6"/>
        <line num="373" type="stmt" count="6"/>
        <line num="376" type="stmt" count="6"/>
        <line num="377" type="stmt" count="0"/>
        <line num="378" type="stmt" count="0"/>
        <line num="381" type="stmt" count="6"/>
        <line num="382" type="stmt" count="0"/>
        <line num="385" type="stmt" count="6"/>
        <line num="386" type="stmt" count="2"/>
        <line num="389" type="stmt" count="4"/>
        <line num="395" type="method" name="searchLike" visibility="public" complexity="4" crap="5.02" count="2"/>
        <line num="397" type="stmt" count="2"/>
        <line num="399" type="stmt" count="2"/>
        <line num="402" type="stmt" count="2"/>
        <line num="403" type="stmt" count="0"/>
        <line num="404" type="stmt" count="0"/>
        <line num="407" type="stmt" count="2"/>
        <line num="408" type="stmt" count="0"/>
        <line num="411" type="stmt" count="2"/>
        <line num="412" type="stmt" count="0"/>
        <line num="415" type="stmt" count="2"/>
        <line num="418" type="method" name="handleError" visibility="private" complexity="1" crap="2" count="0"/>
        <line num="420" type="stmt" count="0"/>
        <line num="421" type="stmt" count="0"/>
        <line num="422" type="stmt" count="0"/>
        <line num="423" type="stmt" count="0"/>
        <line num="424" type="stmt" count="0"/>
        <line num="427" type="method" name="extractRedisData" visibility="private" complexity="9" crap="9" count="79"/>
        <line num="429" type="stmt" count="79"/>
        <line num="430" type="stmt" count="79"/>
        <line num="431" type="stmt" count="79"/>
        <line num="433" type="stmt" count="79"/>
        <line num="434" type="stmt" count="34"/>
        <line num="435" type="stmt" count="34"/>
        <line num="436" type="stmt" count="34"/>
        <line num="438" type="stmt" count="34"/>
        <line num="439" type="stmt" count="34"/>
        <line num="442" type="stmt" count="34"/>
        <line num="444" type="stmt" count="45"/>
        <line num="445" type="stmt" count="45"/>
        <line num="446" type="stmt" count="45"/>
        <line num="447" type="stmt" count="45"/>
        <line num="448" type="stmt" count="45"/>
        <line num="452" type="stmt" count="45"/>
        <line num="454" type="stmt" count="45"/>
        <line num="455" type="stmt" count="17"/>
        <line num="460" type="stmt" count="65"/>
        <metrics loc="463" ncloc="399" classes="1" methods="24" coveredmethods="4" conditionals="0" coveredconditionals="0" statements="175" coveredstatements="135" elements="199" coveredelements="139"/>
      </file>
    </package>
    <file name="/app/src/Client/RedisClientInterface.php">
      <metrics loc="115" ncloc="53" classes="0" methods="0" coveredmethods="0" conditionals="0" coveredconditionals="0" statements="0" coveredstatements="0" elements="0" coveredelements="0"/>
    </file>
    <file name="/app/src/Client/RedisCommands.php">
      <metrics loc="17" ncloc="17" classes="0" methods="0" coveredmethods="0" conditionals="0" coveredconditionals="0" statements="0" coveredstatements="0" elements="0" coveredelements="0"/>
    </file>
    <package name="Talleu\RedisOm\Command">
      <file name="/app/src/Command/GenerateSchema.php">
        <class name="Talleu\RedisOm\Command\GenerateSchema" namespace="Talleu\RedisOm\Command">
          <metrics complexity="43" methods="3" coveredmethods="0" conditionals="0" coveredconditionals="0" statements="94" coveredstatements="82" elements="97" coveredelements="82"/>
        </class>
        <class name="Talleu\RedisOm\Command\PropertyToIndex" namespace="Talleu\RedisOm\Command">
          <metrics complexity="1" methods="1" coveredmethods="1" conditionals="0" coveredconditionals="0" statements="1" coveredstatements="1" elements="2" coveredelements="2"/>
        </class>
        <line num="19" type="method" name="generateSchema" visibility="public" complexity="37" crap="39.48" count="125"/>
        <line num="21" type="stmt" count="125"/>
        <line num="22" type="stmt" count="125"/>
        <line num="23" type="stmt" count="125"/>
        <line num="25" type="stmt" count="125"/>
        <line num="26" type="stmt" count="125"/>
        <line num="28" type="stmt" count="125"/>
        <line num="29" type="stmt" count="125"/>
        <line num="30" type="stmt" count="125"/>
        <line num="32" type="stmt" count="125"/>
        <line num="33" type="stmt" count="125"/>
        <line num="37" type="stmt" count="125"/>
        <line num="39" type="stmt" count="125"/>
        <line num="40" type="stmt" count="125"/>
        <line num="41" type="stmt" count="125"/>
        <line num="42" type="stmt" count="125"/>
        <line num="44" type="stmt" count="125"/>
        <line num="47" type="stmt" count="125"/>
        <line num="48" type="stmt" count="125"/>
        <line num="49" type="stmt" count="125"/>
        <line num="52" type="stmt" count="125"/>
        <line num="53" type="stmt" count="125"/>
        <line num="54" type="stmt" count="125"/>
        <line num="58" type="stmt" count="125"/>
        <line num="59" type="stmt" count="125"/>
        <line num="60" type="stmt" count="125"/>
        <line num="62" type="stmt" count="125"/>
        <line num="63" type="stmt" count="125"/>
        <line num="64" type="stmt" count="125"/>
        <line num="65" type="stmt" count="125"/>
        <line num="66" type="stmt" count="125"/>
        <line num="67" type="stmt" count="125"/>
        <line num="70" type="stmt" count="125"/>
        <line num="71" type="stmt" count="125"/>
        <line num="72" type="stmt" count="0"/>
        <line num="75" type="stmt" count="125"/>
        <line num="79" type="stmt" count="125"/>
        <line num="82" type="stmt" count="125"/>
        <line num="83" type="stmt" count="0"/>
        <line num="87" type="stmt" count="125"/>
        <line num="88" type="stmt" count="125"/>
        <line num="89" type="stmt" count="125"/>
        <line num="92" type="stmt" count="125"/>
        <line num="93" type="stmt" count="125"/>
        <line num="97" type="stmt" count="125"/>
        <line num="98" type="stmt" count="0"/>
        <line num="99" type="stmt" count="0"/>
        <line num="102" type="stmt" count="0"/>
        <line num="106" type="stmt" count="125"/>
        <line num="107" type="stmt" count="0"/>
        <line num="110" type="stmt" count="125"/>
        <line num="111" type="stmt" count="125"/>
        <line num="112" type="stmt" count="125"/>
        <line num="113" type="stmt" count="125"/>
        <line num="115" type="stmt" count="125"/>
        <line num="116" type="stmt" count="125"/>
        <line num="118" type="stmt" count="125"/>
        <line num="119" type="stmt" count="125"/>
        <line num="120" type="stmt" count="125"/>
        <line num="122" type="stmt" count="125"/>
        <line num="124" type="stmt" count="125"/>
        <line num="125" type="stmt" count="125"/>
        <line num="126" type="stmt" count="125"/>
        <line num="127" type="stmt" count="125"/>
        <line num="128" type="stmt" count="0"/>
        <line num="131" type="stmt" count="125"/>
        <line num="132" type="stmt" count="125"/>
        <line num="133" type="stmt" count="125"/>
        <line num="134" type="stmt" count="0"/>
        <line num="138" type="stmt" count="125"/>
        <line num="139" type="stmt" count="125"/>
        <line num="140" type="stmt" count="125"/>
        <line num="144" type="stmt" count="125"/>
        <line num="145" type="stmt" count="125"/>
        <line num="146" type="stmt" count="125"/>
        <line num="147" type="stmt" count="0"/>
        <line num="150" type="stmt" count="125"/>
        <line num="151" type="stmt" count="125"/>
        <line num="154" type="stmt" count="125"/>
        <line num="155" type="stmt" count="125"/>
        <line num="159" type="stmt" count="125"/>
        <line num="160" type="stmt" count="0"/>
        <line num="162" type="stmt" count="125"/>
        <line num="166" type="method" name="getNamespace" visibility="protected" complexity="3" crap="3.04" count="125"/>
        <line num="168" type="stmt" count="125"/>
        <line num="169" type="stmt" count="0"/>
        <line num="172" type="stmt" count="125"/>
        <line num="173" type="stmt" count="125"/>
        <line num="174" type="stmt" count="125"/>
        <line num="177" type="stmt" count="125"/>
        <line num="180" type="method" name="getClass" visibility="protected" complexity="3" crap="3.04" count="125"/>
        <line num="182" type="stmt" count="125"/>
        <line num="183" type="stmt" count="0"/>
        <line num="186" type="stmt" count="125"/>
        <line num="187" type="stmt" count="125"/>
        <line num="188" type="stmt" count="125"/>
        <line num="191" type="stmt" count="125"/>
        <line num="197" type="method" name="__construct" visibility="public" complexity="1" crap="1" count="125"/>
        <line num="199" type="stmt" count="125"/>
        <metrics loc="201" ncloc="192" classes="2" methods="4" coveredmethods="1" conditionals="0" coveredconditionals="0" statements="95" coveredstatements="83" elements="99" coveredelements="84"/>
      </file>
      <file name="/app/src/Command/RedisOmMigrateCommand.php">
        <class name="Talleu\RedisOm\Command\RedisOmMigrateCommand" namespace="Talleu\RedisOm\Command">
          <metrics complexity="2" methods="2" coveredmethods="0" conditionals="0" coveredconditionals="0" statements="7" coveredstatements="0" elements="9" coveredelements="0"/>
        </class>
        <line num="17" type="method" name="configure" visibility="protected" complexity="1" crap="2" count="0"/>
        <line num="19" type="stmt" count="0"/>
        <line num="20" type="stmt" count="0"/>
        <line num="21" type="stmt" count="0"/>
        <line num="24" type="method" name="execute" visibility="protected" complexity="1" crap="2" count="0"/>
        <line num="26" type="stmt" count="0"/>
        <line num="27" type="stmt" count="0"/>
        <line num="28" type="stmt" count="0"/>
        <line num="30" type="stmt" count="0"/>
        <metrics loc="33" ncloc="33" classes="1" methods="2" coveredmethods="0" conditionals="0" coveredconditionals="0" statements="7" coveredstatements="0" elements="9" coveredelements="0"/>
      </file>
    </package>
    <package name="Talleu\RedisOm\Console">
      <file name="/app/src/Console/Runner.php">
        <class name="Talleu\RedisOm\Console\Runner" namespace="Talleu\RedisOm\Console">
          <metrics complexity="3" methods="1" coveredmethods="1" conditionals="0" coveredconditionals="0" statements="5" coveredstatements="5" elements="6" coveredelements="6"/>
        </class>
        <line num="11" type="method" name="generateSchema" visibility="public" complexity="3" crap="3" count="126"/>
        <line num="13" type="stmt" count="126"/>
        <line num="15" type="stmt" count="1"/>
        <line num="16" type="stmt" count="1"/>
        <line num="17" type="stmt" count="1"/>
        <line num="21" type="stmt" count="125"/>
        <metrics loc="24" ncloc="23" classes="1" methods="1" coveredmethods="1" conditionals="0" coveredconditionals="0" statements="5" coveredstatements="5" elements="6" coveredelements="6"/>
      </file>
    </package>
    <package name="Talleu\RedisOm\Exception">
      <file name="/app/src/Exception/BadIdentifierConfigurationException.php">
        <class name="Talleu\RedisOm\Exception\BadIdentifierConfigurationException" namespace="Talleu\RedisOm\Exception">
          <metrics complexity="0" methods="0" coveredmethods="0" conditionals="0" coveredconditionals="0" statements="0" coveredstatements="0" elements="0" coveredelements="0"/>
        </class>
        <metrics loc="13" ncloc="13" classes="0" methods="0" coveredmethods="0" conditionals="0" coveredconditionals="0" statements="0" coveredstatements="0" elements="0" coveredelements="0"/>
      </file>
      <file name="/app/src/Exception/BadPersisterProvidedException.php">
        <class name="Talleu\RedisOm\Exception\BadPersisterProvidedException" namespace="Talleu\RedisOm\Exception">
          <metrics complexity="0" methods="0" coveredmethods="0" conditionals="0" coveredconditionals="0" statements="0" coveredstatements="0" elements="0" coveredelements="0"/>
        </class>
        <metrics loc="12" ncloc="12" classes="0" methods="0" coveredmethods="0" conditionals="0" coveredconditionals="0" statements="0" coveredstatements="0" elements="0" coveredelements="0"/>
      </file>
      <file name="/app/src/Exception/BadPropertyConfigurationException.php">
        <class name="Talleu\RedisOm\Exception\BadPropertyConfigurationException" namespace="Talleu\RedisOm\Exception">
          <metrics complexity="0" methods="0" coveredmethods="0" conditionals="0" coveredconditionals="0" statements="0" coveredstatements="0" elements="0" coveredelements="0"/>
        </class>
        <metrics loc="12" ncloc="12" classes="0" methods="0" coveredmethods="0" conditionals="0" coveredconditionals="0" statements="0" coveredstatements="0" elements="0" coveredelements="0"/>
      </file>
      <file name="/app/src/Exception/BadPropertyException.php">
        <class name="Talleu\RedisOm\Exception\BadPropertyException" namespace="Talleu\RedisOm\Exception">
          <metrics complexity="0" methods="0" coveredmethods="0" conditionals="0" coveredconditionals="0" statements="0" coveredstatements="0" elements="0" coveredelements="0"/>
        </class>
        <metrics loc="12" ncloc="12" classes="0" methods="0" coveredmethods="0" conditionals="0" coveredconditionals="0" statements="0" coveredstatements="0" elements="0" coveredelements="0"/>
      </file>
      <file name="/app/src/Exception/ConnectionException.php">
        <class name="Talleu\RedisOm\Exception\ConnectionException" namespace="Talleu\RedisOm\Exception">
          <metrics complexity="0" methods="0" coveredmethods="0" conditionals="0" coveredconditionals="0" statements="0" coveredstatements="0" elements="0" coveredelements="0"/>
        </class>
        <metrics loc="10" ncloc="10" classes="0" methods="0" coveredmethods="0" conditionals="0" coveredconditionals="0" statements="0" coveredstatements="0" elements="0" coveredelements="0"/>
      </file>
      <file name="/app/src/Exception/RedisClientResponseException.php">
        <class name="Talleu\RedisOm\Exception\RedisClientResponseException" namespace="Talleu\RedisOm\Exception">
          <metrics complexity="0" methods="0" coveredmethods="0" conditionals="0" coveredconditionals="0" statements="0" coveredstatements="0" elements="0" coveredelements="0"/>
        </class>
        <metrics loc="12" ncloc="12" classes="0" methods="0" coveredmethods="0" conditionals="0" coveredconditionals="0" statements="0" coveredstatements="0" elements="0" coveredelements="0"/>
      </file>
      <file name="/app/src/Exception/RedisOmInvalidArgumentException.php">
        <class name="Talleu\RedisOm\Exception\RedisOmInvalidArgumentException" namespace="Talleu\RedisOm\Exception">
          <metrics complexity="0" methods="0" coveredmethods="0" conditionals="0" coveredconditionals="0" statements="0" coveredstatements="0" elements="0" coveredelements="0"/>
        </class>
        <metrics loc="12" ncloc="12" classes="0" methods="0" coveredmethods="0" conditionals="0" coveredconditionals="0" statements="0" coveredstatements="0" elements="0" coveredelements="0"/>
      </file>
    </package>
    <package name="Talleu\RedisOm\Om\Converters">
      <file name="/app/src/Om/Converters/AbstractArrayConverter.php">
        <class name="Talleu\RedisOm\Om\Converters\AbstractArrayConverter" namespace="Talleu\RedisOm\Om\Converters">
          <metrics complexity="8" methods="2" coveredmethods="2" conditionals="0" coveredconditionals="0" statements="2" coveredstatements="2" elements="4" coveredelements="4"/>
        </class>
        <line num="14" type="method" name="supportsConversion" visibility="public" complexity="4" crap="4" count="123"/>
        <line num="16" type="stmt" count="123"/>
        <line num="21" type="method" name="supportsReversion" visibility="public" complexity="4" crap="4" count="103"/>
        <line num="23" type="stmt" count="103"/>
        <metrics loc="26" ncloc="23" classes="1" methods="2" coveredmethods="2" conditionals="0" coveredconditionals="0" statements="2" coveredstatements="2" elements="4" coveredelements="4"/>
      </file>
      <file name="/app/src/Om/Converters/AbstractConverterFactory.php">
        <class name="Talleu\RedisOm\Om\Converters\AbstractConverterFactory" namespace="Talleu\RedisOm\Om\Converters">
          <metrics complexity="6" methods="2" coveredmethods="0" conditionals="0" coveredconditionals="0" statements="8" coveredstatements="6" elements="10" coveredelements="6"/>
        </class>
        <line num="11" type="method" name="getConverter" visibility="public" complexity="3" crap="3.14" count="123"/>
        <line num="14" type="stmt" count="123"/>
        <line num="15" type="stmt" count="123"/>
        <line num="16" type="stmt" count="123"/>
        <line num="20" type="stmt" count="0"/>
        <line num="23" type="method" name="getReverter" visibility="public" complexity="3" crap="3.14" count="103"/>
        <line num="26" type="stmt" count="103"/>
        <line num="27" type="stmt" count="103"/>
        <line num="28" type="stmt" count="103"/>
        <line num="32" type="stmt" count="0"/>
        <metrics loc="35" ncloc="33" classes="1" methods="2" coveredmethods="0" conditionals="0" coveredconditionals="0" statements="8" coveredstatements="6" elements="10" coveredelements="6"/>
      </file>
      <file name="/app/src/Om/Converters/AbstractDateTimeConverter.php">
        <class name="Talleu\RedisOm\Om\Converters\AbstractDateTimeConverter" namespace="Talleu\RedisOm\Om\Converters">
          <metrics complexity="5" methods="2" coveredmethods="2" conditionals="0" coveredconditionals="0" statements="2" coveredstatements="2" elements="4" coveredelements="4"/>
        </class>
        <line num="22" type="method" name="supportsConversion" visibility="public" complexity="3" crap="3" count="110"/>
        <line num="24" type="stmt" count="110"/>
        <line num="30" type="method" name="supportsReversion" visibility="public" complexity="2" crap="2" count="90"/>
        <line num="32" type="stmt" count="90"/>
        <metrics loc="35" ncloc="32" classes="1" methods="2" coveredmethods="2" conditionals="0" coveredconditionals="0" statements="2" coveredstatements="2" elements="4" coveredelements="4"/>
      </file>
      <file name="/app/src/Om/Converters/AbstractDateTimeImmutableConverter.php">
        <class name="Talleu\RedisOm\Om\Converters\AbstractDateTimeImmutableConverter" namespace="Talleu\RedisOm\Om\Converters">
          <metrics complexity="3" methods="2" coveredmethods="2" conditionals="0" coveredconditionals="0" statements="2" coveredstatements="2" elements="4" coveredelements="4"/>
        </class>
        <line num="9" type="method" name="supportsConversion" visibility="public" complexity="2" crap="2" count="106"/>
        <line num="11" type="stmt" count="106"/>
        <line num="16" type="method" name="supportsReversion" visibility="public" complexity="1" crap="1" count="69"/>
        <line num="18" type="stmt" count="69"/>
        <metrics loc="21" ncloc="21" classes="1" methods="2" coveredmethods="2" conditionals="0" coveredconditionals="0" statements="2" coveredstatements="2" elements="4" coveredelements="4"/>
      </file>
      <file name="/app/src/Om/Converters/AbstractNullConverter.php">
        <class name="Talleu\RedisOm\Om\Converters\AbstractNullConverter" namespace="Talleu\RedisOm\Om\Converters">
          <metrics complexity="5" methods="3" coveredmethods="3" conditionals="0" coveredconditionals="0" statements="3" coveredstatements="3" elements="6" coveredelements="6"/>
        </class>
        <line num="14" type="method" name="revert" visibility="public" complexity="1" crap="1" count="71"/>
        <line num="16" type="stmt" count="71"/>
        <line num="19" type="method" name="supportsConversion" visibility="public" complexity="2" crap="2" count="116"/>
        <line num="21" type="stmt" count="116"/>
        <line num="24" type="method" name="supportsReversion" visibility="public" complexity="2" crap="2" count="96"/>
        <line num="26" type="stmt" count="96"/>
        <metrics loc="29" ncloc="26" classes="1" methods="3" coveredmethods="3" conditionals="0" coveredconditionals="0" statements="3" coveredstatements="3" elements="6" coveredelements="6"/>
      </file>
      <file name="/app/src/Om/Converters/AbstractObjectConverter.php">
        <class name="Talleu\RedisOm\Om\Converters\AbstractObjectConverter" namespace="Talleu\RedisOm\Om\Converters">
          <metrics complexity="16" methods="3" coveredmethods="1" conditionals="0" coveredconditionals="0" statements="23" coveredstatements="19" elements="26" coveredelements="20"/>
        </class>
        <line num="14" type="method" name="supportsConversion" visibility="public" complexity="4" crap="4" count="123"/>
        <line num="16" type="stmt" count="123"/>
        <line num="23" type="method" name="extractPropertyValue" visibility="protected" complexity="5" crap="5.20" count="123"/>
        <line num="25" type="stmt" count="123"/>
        <line num="26" type="stmt" count="123"/>
        <line num="27" type="stmt" count="2"/>
        <line num="28" type="stmt" count="2"/>
        <line num="29" type="stmt" count="0"/>
        <line num="31" type="stmt" count="2"/>
        <line num="32" type="stmt" count="2"/>
        <line num="33" type="stmt" count="2"/>
        <line num="35" type="stmt" count="0"/>
        <line num="38" type="stmt" count="123"/>
        <line num="41" type="method" name="assignValue" visibility="protected" complexity="7" crap="7.23" count="102"/>
        <line num="43" type="stmt" count="102"/>
        <line num="44" type="stmt" count="102"/>
        <line num="45" type="stmt" count="102"/>
        <line num="46" type="stmt" count="102"/>
        <line num="50" type="stmt" count="2"/>
        <line num="52" type="stmt" count="2"/>
        <line num="53" type="stmt" count="2"/>
        <line num="54" type="stmt" count="0"/>
        <line num="56" type="stmt" count="2"/>
        <line num="57" type="stmt" count="2"/>
        <line num="58" type="stmt" count="2"/>
        <line num="60" type="stmt" count="0"/>
        <metrics loc="64" ncloc="63" classes="1" methods="3" coveredmethods="1" conditionals="0" coveredconditionals="0" statements="23" coveredstatements="19" elements="26" coveredelements="20"/>
      </file>
      <file name="/app/src/Om/Converters/AbstractStandardClassConverter.php">
        <class name="Talleu\RedisOm\Om\Converters\AbstractStandardClassConverter" namespace="Talleu\RedisOm\Om\Converters">
          <metrics complexity="4" methods="2" coveredmethods="2" conditionals="0" coveredconditionals="0" statements="2" coveredstatements="2" elements="4" coveredelements="4"/>
        </class>
        <line num="11" type="method" name="supportsConversion" visibility="public" complexity="2" crap="2" count="121"/>
        <line num="13" type="stmt" count="121"/>
        <line num="18" type="method" name="supportsReversion" visibility="public" complexity="2" crap="2" count="101"/>
        <line num="20" type="stmt" count="101"/>
        <metrics loc="23" ncloc="23" classes="1" methods="2" coveredmethods="2" conditionals="0" coveredconditionals="0" statements="2" coveredstatements="2" elements="4" coveredelements="4"/>
      </file>
      <file name="/app/src/Om/Converters/BooleanConverter.php">
        <class name="Talleu\RedisOm\Om\Converters\BooleanConverter" namespace="Talleu\RedisOm\Om\Converters">
          <metrics complexity="8" methods="4" coveredmethods="2" conditionals="0" coveredconditionals="0" statements="12" coveredstatements="10" elements="16" coveredelements="12"/>
        </class>
        <line num="12" type="method" name="convert" visibility="public" complexity="3" crap="3.07" count="108"/>
        <line num="14" type="stmt" count="108"/>
        <line num="15" type="stmt" count="105"/>
        <line num="16" type="stmt" count="108"/>
        <line num="17" type="stmt" count="108"/>
        <line num="19" type="stmt" count="0"/>
        <line num="23" type="method" name="revert" visibility="public" complexity="3" crap="3.07" count="86"/>
        <line num="25" type="stmt" count="86"/>
        <line num="26" type="stmt" count="37"/>
        <line num="27" type="stmt" count="73"/>
        <line num="28" type="stmt" count="73"/>
        <line num="30" type="stmt" count="0"/>
        <line num="34" type="method" name="supportsConversion" visibility="public" complexity="1" crap="1" count="116"/>
        <line num="36" type="stmt" count="116"/>
        <line num="39" type="method" name="supportsReversion" visibility="public" complexity="1" crap="1" count="96"/>
        <line num="41" type="stmt" count="96"/>
        <metrics loc="44" ncloc="41" classes="1" methods="4" coveredmethods="2" conditionals="0" coveredconditionals="0" statements="12" coveredstatements="10" elements="16" coveredelements="12"/>
      </file>
      <file name="/app/src/Om/Converters/ScalarConverter.php">
        <class name="Talleu\RedisOm\Om\Converters\ScalarConverter" namespace="Talleu\RedisOm\Om\Converters">
          <metrics complexity="9" methods="4" coveredmethods="4" conditionals="0" coveredconditionals="0" statements="8" coveredstatements="8" elements="12" coveredelements="12"/>
        </class>
        <line num="12" type="method" name="convert" visibility="public" complexity="1" crap="1" count="123"/>
        <line num="14" type="stmt" count="123"/>
        <line num="17" type="method" name="revert" visibility="public" complexity="3" crap="3" count="103"/>
        <line num="19" type="stmt" count="103"/>
        <line num="20" type="stmt" count="100"/>
        <line num="21" type="stmt" count="99"/>
        <line num="22" type="stmt" count="88"/>
        <line num="25" type="stmt" count="98"/>
        <line num="28" type="method" name="supportsConversion" visibility="public" complexity="2" crap="2" count="123"/>
        <line num="30" type="stmt" count="123"/>
        <line num="33" type="method" name="supportsReversion" visibility="public" complexity="3" crap="3" count="103"/>
        <line num="35" type="stmt" count="103"/>
        <metrics loc="38" ncloc="35" classes="1" methods="4" coveredmethods="4" conditionals="0" coveredconditionals="0" statements="8" coveredstatements="8" elements="12" coveredelements="12"/>
      </file>
    </package>
    <file name="/app/src/Om/Converters/ConverterInterface.php">
      <metrics loc="23" ncloc="17" classes="0" methods="0" coveredmethods="0" conditionals="0" coveredconditionals="0" statements="0" coveredstatements="0" elements="0" coveredelements="0"/>
    </file>
    <package name="Talleu\RedisOm\Om\Converters\HashModel">
      <file name="/app/src/Om/Converters/HashModel/ArrayConverter.php">
        <class name="Talleu\RedisOm\Om\Converters\HashModel\ArrayConverter" namespace="Talleu\RedisOm\Om\Converters\HashModel">
          <metrics complexity="19" methods="2" coveredmethods="0" conditionals="0" coveredconditionals="0" statements="33" coveredstatements="31" elements="35" coveredelements="31"/>
        </class>
        <line num="14" type="method" name="convert" visibility="public" complexity="13" crap="13" count="67"/>
        <line num="16" type="stmt" count="67"/>
        <line num="17" type="stmt" count="66"/>
        <line num="18" type="stmt" count="66"/>
        <line num="20" type="stmt" count="66"/>
        <line num="21" type="stmt" count="0"/>
        <line num="24" type="stmt" count="66"/>
        <line num="25" type="stmt" count="65"/>
        <line num="26" type="stmt" count="65"/>
        <line num="27" type="stmt" count="65"/>
        <line num="28" type="stmt" count="65"/>
        <line num="31" type="stmt" count="66"/>
        <line num="33" type="stmt" count="66"/>
        <line num="34" type="stmt" count="64"/>
        <line num="37" type="stmt" count="66"/>
        <line num="38" type="stmt" count="65"/>
        <line num="40" type="stmt" count="65"/>
        <line num="41" type="stmt" count="64"/>
        <line num="44" type="stmt" count="65"/>
        <line num="47" type="stmt" count="1"/>
        <line num="50" type="stmt" count="67"/>
        <line num="53" type="method" name="revert" visibility="public" complexity="6" crap="6.02" count="49"/>
        <line num="55" type="stmt" count="49"/>
        <line num="56" type="stmt" count="49"/>
        <line num="58" type="stmt" count="49"/>
        <line num="59" type="stmt" count="40"/>
        <line num="60" type="stmt" count="40"/>
        <line num="61" type="stmt" count="49"/>
        <line num="62" type="stmt" count="39"/>
        <line num="64" type="stmt" count="49"/>
        <line num="67" type="stmt" count="49"/>
        <line num="68" type="stmt" count="49"/>
        <line num="69" type="stmt" count="0"/>
        <line num="72" type="stmt" count="49"/>
        <line num="75" type="stmt" count="49"/>
        <metrics loc="78" ncloc="75" classes="1" methods="2" coveredmethods="0" conditionals="0" coveredconditionals="0" statements="33" coveredstatements="31" elements="35" coveredelements="31"/>
      </file>
      <file name="/app/src/Om/Converters/HashModel/ConverterFactory.php">
        <class name="Talleu\RedisOm\Om\Converters\HashModel\ConverterFactory" namespace="Talleu\RedisOm\Om\Converters\HashModel">
          <metrics complexity="1" methods="1" coveredmethods="1" conditionals="0" coveredconditionals="0" statements="10" coveredstatements="10" elements="11" coveredelements="11"/>
        </class>
        <line num="17" type="method" name="getConvertersCollection" visibility="protected" complexity="1" crap="1" count="74"/>
        <line num="19" type="stmt" count="74"/>
        <line num="20" type="stmt" count="74"/>
        <line num="21" type="stmt" count="74"/>
        <line num="22" type="stmt" count="74"/>
        <line num="23" type="stmt" count="74"/>
        <line num="24" type="stmt" count="74"/>
        <line num="25" type="stmt" count="74"/>
        <line num="26" type="stmt" count="74"/>
        <line num="27" type="stmt" count="74"/>
        <line num="28" type="stmt" count="74"/>
        <metrics loc="31" ncloc="28" classes="1" methods="1" coveredmethods="1" conditionals="0" coveredconditionals="0" statements="10" coveredstatements="10" elements="11" coveredelements="11"/>
      </file>
      <file name="/app/src/Om/Converters/HashModel/DateTimeConverter.php">
        <class name="Talleu\RedisOm\Om\Converters\HashModel\DateTimeConverter" namespace="Talleu\RedisOm\Om\Converters\HashModel">
          <metrics complexity="3" methods="2" coveredmethods="2" conditionals="0" coveredconditionals="0" statements="4" coveredstatements="4" elements="6" coveredelements="6"/>
        </class>
        <line num="11" type="method" name="convert" visibility="public" complexity="1" crap="1" count="65"/>
        <line num="13" type="stmt" count="65"/>
        <line num="16" type="method" name="revert" visibility="public" complexity="2" crap="2" count="51"/>
        <line num="18" type="stmt" count="51"/>
        <line num="19" type="stmt" count="39"/>
        <line num="22" type="stmt" count="51"/>
        <metrics loc="25" ncloc="25" classes="1" methods="2" coveredmethods="2" conditionals="0" coveredconditionals="0" statements="4" coveredstatements="4" elements="6" coveredelements="6"/>
      </file>
      <file name="/app/src/Om/Converters/HashModel/DateTimeImmutableConverter.php">
        <class name="Talleu\RedisOm\Om\Converters\HashModel\DateTimeImmutableConverter" namespace="Talleu\RedisOm\Om\Converters\HashModel">
          <metrics complexity="3" methods="2" coveredmethods="1" conditionals="0" coveredconditionals="0" statements="4" coveredstatements="3" elements="6" coveredelements="4"/>
        </class>
        <line num="12" type="method" name="convert" visibility="public" complexity="1" crap="1" count="63"/>
        <line num="14" type="stmt" count="63"/>
        <line num="17" type="method" name="revert" visibility="public" complexity="2" crap="2.15" count="39"/>
        <line num="19" type="stmt" count="39"/>
        <line num="20" type="stmt" count="0"/>
        <line num="23" type="stmt" count="39"/>
        <metrics loc="26" ncloc="26" classes="1" methods="2" coveredmethods="1" conditionals="0" coveredconditionals="0" statements="4" coveredstatements="3" elements="6" coveredelements="4"/>
      </file>
      <file name="/app/src/Om/Converters/HashModel/HashObjectConverter.php">
        <class name="Talleu\RedisOm\Om\Converters\HashModel\HashObjectConverter" namespace="Talleu\RedisOm\Om\Converters\HashModel">
[...]
      </file>
    </package>
    <file name="/app/src/Om/Persister/PersisterInterface.php">
      <metrics loc="36" ncloc="19" classes="0" methods="0" coveredmethods="0" conditionals="0" coveredconditionals="0" statements="0" coveredstatements="0" elements="0" coveredelements="0"/>
    </file>
    <file name="/app/src/Om/Persister/PersisterOperations.php">
      <metrics loc="14" ncloc="14" classes="0" methods="0" coveredmethods="0" conditionals="0" coveredconditionals="0" statements="0" coveredstatements="0" elements="0" coveredelements="0"/>
    </file>
    <package name="Talleu\RedisOm\Om">
      <file name="/app/src/Om/QueryBuilder.php">
        <class name="Talleu\RedisOm\Om\QueryBuilder" namespace="Talleu\RedisOm\Om">
          <metrics complexity="4" methods="3" coveredmethods="3" conditionals="0" coveredconditionals="0" statements="7" coveredstatements="7" elements="10" coveredelements="10"/>
        </class>
        <line num="14" type="method" name="__construct" visibility="public" complexity="1" crap="1" count="6"/>
        <line num="21" type="stmt" count="6"/>
        <line num="23" type="method" name="query" visibility="public" complexity="1" crap="1" count="6"/>
        <line num="25" type="stmt" count="6"/>
        <line num="28" type="method" name="execute" visibility="public" complexity="2" crap="2" count="6"/>
        <line num="30" type="stmt" count="6"/>
        <line num="32" type="stmt" count="6"/>
        <line num="33" type="stmt" count="6"/>
        <line num="34" type="stmt" count="4"/>
        <line num="37" type="stmt" count="6"/>
        <metrics loc="40" ncloc="40" classes="1" methods="3" coveredmethods="3" conditionals="0" coveredconditionals="0" statements="7" coveredstatements="7" elements="10" coveredelements="10"/>
      </file>
      <file name="/app/src/Om/RedisObjectManager.php">
        <class name="Talleu\RedisOm\Om\RedisObjectManager" namespace="Talleu\RedisOm\Om">
          <metrics complexity="36" methods="19" coveredmethods="13" conditionals="0" coveredconditionals="0" statements="68" coveredstatements="60" elements="87" coveredelements="73"/>
        </class>
        <line num="32" type="method" name="__construct" visibility="public" complexity="2" crap="2" count="127"/>
        <line num="35" type="stmt" count="127"/>
        <line num="37" type="stmt" count="127"/>
        <line num="43" type="method" name="persist" visibility="public" complexity="1" crap="1" count="125"/>
        <line num="45" type="stmt" count="125"/>
        <line num="46" type="stmt" count="125"/>
        <line num="48" type="stmt" count="125"/>
        <line num="49" type="stmt" count="125"/>
        <line num="55" type="method" name="remove" visibility="public" complexity="1" crap="1" count="2"/>
        <line num="57" type="stmt" count="2"/>
        <line num="58" type="stmt" count="2"/>
        <line num="60" type="stmt" count="2"/>
        <line num="61" type="stmt" count="2"/>
        <line num="67" type="method" name="flush" visibility="public" complexity="3" crap="3" count="123"/>
        <line num="69" type="stmt" count="123"/>
        <line num="70" type="stmt" count="123"/>
        <line num="71" type="stmt" count="123"/>
        <line num="72" type="stmt" count="123"/>
        <line num="80" type="method" name="find" visibility="public" complexity="1" crap="1" count="13"/>
        <line num="82" type="stmt" count="13"/>
        <line num="84" type="stmt" count="13"/>
        <line num="90" type="method" name="clear" visibility="public" complexity="1" crap="1" count="1"/>
        <line num="92" type="stmt" count="1"/>
        <line num="98" type="method" name="detach" visibility="public" complexity="5" crap="5" count="1"/>
        <line num="100" type="stmt" count="1"/>
        <line num="101" type="stmt" count="1"/>
        <line num="102" type="stmt" count="1"/>
        <line num="104" type="stmt" count="1"/>
        <line num="105" type="stmt" count="1"/>
        <line num="106" type="stmt" count="1"/>
        <line num="107" type="stmt" count="1"/>
        <line num="108" type="stmt" count="1"/>
        <line num="117" type="method" name="refresh" visibility="public" complexity="1" crap="2" count="0"/>
        <line num="119" type="stmt" count="0"/>
        <line num="120" type="stmt" count="0"/>
        <line num="122" type="stmt" count="0"/>
        <line num="128" type="method" name="getRepository" visibility="public" complexity="1" crap="1" count="107"/>
        <line num="130" type="stmt" count="107"/>
        <line num="132" type="stmt" count="107"/>
        <line num="138" type="method" name="getClassMetadata" visibility="public" complexity="1" crap="1" count="1"/>
        <line num="140" type="stmt" count="1"/>
        <line num="146" type="method" name="getMetadataFactory" visibility="public" complexity="1" crap="2" count="0"/>
        <line num="148" type="stmt" count="0"/>
        <line num="154" type="method" name="initializeObject" visibility="public" complexity="1" crap="2" count="0"/>
        <line num="156" type="stmt" count="0"/>
        <line num="162" type="method" name="contains" visibility="public" complexity="5" crap="5.03" count="1"/>
        <line num="164" type="stmt" count="1"/>
        <line num="165" type="stmt" count="1"/>
        <line num="166" type="stmt" count="1"/>
        <line num="167" type="stmt" count="1"/>
        <line num="168" type="stmt" count="1"/>
        <line num="169" type="stmt" count="1"/>
        <line num="170" type="stmt" count="1"/>
        <line num="171" type="stmt" count="1"/>
        <line num="176" type="stmt" count="0"/>
        <line num="179" type="method" name="getEntityMapper" visibility="protected" complexity="3" crap="3.01" count="126"/>
        <line num="181" type="stmt" count="126"/>
        <line num="182" type="stmt" count="126"/>
        <line num="183" type="stmt" count="126"/>
        <line num="184" type="stmt" count="0"/>
        <line num="188" type="stmt" count="126"/>
        <line num="190" type="stmt" count="126"/>
        <line num="191" type="stmt" count="126"/>
        <line num="192" type="stmt" count="126"/>
        <line num="194" type="stmt" count="126"/>
        <line num="195" type="stmt" count="126"/>
        <line num="197" type="stmt" count="126"/>
        <line num="200" type="method" name="registerPersister" visibility="protected" complexity="3" crap="3" count="125"/>
        <line num="202" type="stmt" count="125"/>
        <line num="204" type="stmt" count="125"/>
        <line num="205" type="stmt" count="125"/>
        <line num="206" type="stmt" count="125"/>
        <line num="208" type="stmt" count="125"/>
        <line num="211" type="method" name="createIndex" visibility="public" complexity="1" crap="1" count="125"/>
        <line num="213" type="stmt" count="125"/>
        <line num="216" type="method" name="dropIndex" visibility="public" complexity="1" crap="1" count="125"/>
        <line num="218" type="stmt" count="125"/>
        <line num="224" type="method" name="getExpirationTime" visibility="public" complexity="3" crap="3" count="4"/>
        <line num="226" type="stmt" count="4"/>
        <line num="227" type="stmt" count="4"/>
        <line num="228" type="stmt" count="4"/>
        <line num="230" type="stmt" count="4"/>
        <line num="232" type="stmt" count="4"/>
        <line num="233" type="stmt" count="2"/>
        <line num="236" type="stmt" count="2"/>
        <line num="239" type="method" name="getRedisClient" visibility="public" complexity="1" crap="2" count="0"/>
        <line num="241" type="stmt" count="0"/>
        <metrics loc="244" ncloc="202" classes="1" methods="19" coveredmethods="13" conditionals="0" coveredconditionals="0" statements="68" coveredstatements="60" elements="87" coveredelements="73"/>
      </file>
    </package>
    <file name="/app/src/Om/RedisFormat.php">
      <metrics loc="12" ncloc="12" classes="0" methods="0" coveredmethods="0" conditionals="0" coveredconditionals="0" statements="0" coveredstatements="0" elements="0" coveredelements="0"/>
    </file>
    <file name="/app/src/Om/RedisObjectManagerInterface.php">
      <metrics loc="80" ncloc="41" classes="0" methods="0" coveredmethods="0" conditionals="0" coveredconditionals="0" statements="0" coveredstatements="0" elements="0" coveredelements="0"/>
    </file>
    <package name="Talleu\RedisOm\Om\Repository">
      <file name="/app/src/Om/Repository/AbstractObjectRepository.php">
        <class name="Talleu\RedisOm\Om\Repository\AbstractObjectRepository" namespace="Talleu\RedisOm\Om\Repository">
          <metrics complexity="38" methods="18" coveredmethods="17" conditionals="0" coveredconditionals="0" statements="99" coveredstatements="98" elements="117" coveredelements="115"/>
        </class>
        <line num="22" type="method" name="__construct" visibility="public" complexity="1" crap="1" count="126"/>
        <line num="24" type="stmt" count="126"/>
        <line num="39" type="method" name="findBy" visibility="public" complexity="2" crap="2" count="48"/>
        <line num="41" type="stmt" count="48"/>
        <line num="42" type="stmt" count="48"/>
        <line num="43" type="stmt" count="48"/>
        <line num="44" type="stmt" count="48"/>
        <line num="45" type="stmt" count="48"/>
        <line num="46" type="stmt" count="48"/>
        <line num="47" type="stmt" count="48"/>
        <line num="48" type="stmt" count="48"/>
        <line num="49" type="stmt" count="48"/>
        <line num="50" type="stmt" count="48"/>
        <line num="51" type="stmt" count="48"/>
        <line num="53" type="stmt" count="48"/>
        <line num="54" type="stmt" count="48"/>
        <line num="55" type="stmt" count="42"/>
        <line num="58" type="stmt" count="48"/>
        <line num="64" type="method" name="findByLike" visibility="public" complexity="3" crap="3" count="6"/>
        <line num="66" type="stmt" count="6"/>
        <line num="67" type="stmt" count="6"/>
        <line num="68" type="stmt" count="6"/>
        <line num="69" type="stmt" count="6"/>
        <line num="70" type="stmt" count="6"/>
        <line num="71" type="stmt" count="6"/>
        <line num="74" type="stmt" count="6"/>
        <line num="76" type="stmt" count="6"/>
        <line num="77" type="stmt" count="6"/>
        <line num="78" type="stmt" count="5"/>
        <line num="81" type="stmt" count="6"/>
        <line num="84" type="method" name="defineLimit" visibility="private" complexity="2" crap="2" count="56"/>
        <line num="86" type="stmt" count="56"/>
        <line num="87" type="stmt" count="39"/>
        <line num="90" type="stmt" count="56"/>
        <line num="96" type="method" name="findLike" visibility="public" complexity="2" crap="2" count="2"/>
        <line num="98" type="stmt" count="2"/>
        <line num="100" type="stmt" count="2"/>
        <line num="102" type="stmt" count="2"/>
        <line num="103" type="stmt" count="2"/>
        <line num="104" type="stmt" count="2"/>
        <line num="107" type="stmt" count="2"/>
        <line num="113" type="method" name="findAll" visibility="public" complexity="3" crap="3" count="4"/>
        <line num="115" type="stmt" count="4"/>
        <line num="116" type="stmt" count="4"/>
        <line num="119" type="stmt" count="4"/>
        <line num="121" type="stmt" count="4"/>
        <line num="122" type="stmt" count="4"/>
        <line num="125" type="stmt" count="4"/>
        <line num="126" type="stmt" count="4"/>
        <line num="129" type="stmt" count="4"/>
        <line num="131" type="stmt" count="4"/>
        <line num="137" type="method" name="findOneBy" visibility="public" complexity="2" crap="2" count="30"/>
        <line num="139" type="stmt" count="30"/>
        <line num="140" type="stmt" count="30"/>
        <line num="141" type="stmt" count="30"/>
        <line num="143" type="stmt" count="30"/>
        <line num="144" type="stmt" count="8"/>
        <line num="147" type="stmt" count="26"/>
        <line num="153" type="method" name="findOneByLike" visibility="public" complexity="3" crap="3.01" count="4"/>
        <line num="155" type="stmt" count="4"/>
        <line num="156" type="stmt" count="4"/>
        <line num="157" type="stmt" count="4"/>
        <line num="158" type="stmt" count="4"/>
        <line num="159" type="stmt" count="4"/>
        <line num="162" type="stmt" count="4"/>
        <line num="164" type="stmt" count="4"/>
        <line num="165" type="stmt" count="0"/>
        <line num="168" type="stmt" count="4"/>
        <line num="174" type="method" name="count" visibility="public" complexity="1" crap="1" count="11"/>
        <line num="176" type="stmt" count="11"/>
        <line num="182" type="method" name="countByLike" visibility="public" complexity="2" crap="2" count="2"/>
        <line num="184" type="stmt" count="2"/>
        <line num="185" type="stmt" count="2"/>
        <line num="186" type="stmt" count="2"/>
        <line num="187" type="stmt" count="2"/>
        <line num="188" type="stmt" count="2"/>
        <line num="191" type="stmt" count="2"/>
        <line num="197" type="method" name="createQueryBuilder" visibility="public" complexity="1" crap="1" count="6"/>
        <line num="199" type="stmt" count="6"/>
        <line num="200" type="stmt" count="6"/>
        <line num="201" type="stmt" count="6"/>
        <line num="202" type="stmt" count="6"/>
        <line num="203" type="stmt" count="6"/>
        <line num="204" type="stmt" count="6"/>
        <line num="205" type="stmt" count="6"/>
        <line num="211" type="method" name="setRedisClient" visibility="public" complexity="1" crap="1" count="126"/>
        <line num="213" type="stmt" count="126"/>
        <line num="219" type="method" name="setPrefix" visibility="public" complexity="1" crap="1" count="126"/>
        <line num="221" type="stmt" count="126"/>
        <line num="224" type="method" name="setClassName" visibility="public" complexity="1" crap="1" count="126"/>
        <line num="226" type="stmt" count="126"/>
        <line num="229" type="method" name="setConverter" visibility="public" complexity="1" crap="1" count="126"/>
        <line num="231" type="stmt" count="126"/>
        <line num="234" type="method" name="setFormat" visibility="public" complexity="1" crap="1" count="126"/>
        <line num="236" type="stmt" count="126"/>
        <line num="239" type="method" name="convertSpecial" visibility="protected" complexity="6" crap="6" count="84"/>
        <line num="241" type="stmt" count="84"/>
        <line num="243" type="stmt" count="72"/>
        <line num="244" type="stmt" count="2"/>
        <line num="245" type="stmt" count="2"/>
        <line num="248" type="stmt" count="72"/>
        <line num="249" type="stmt" count="8"/>
        <line num="250" type="stmt" count="8"/>
        <line num="253" type="stmt" count="64"/>
        <line num="254" type="stmt" count="20"/>
        <line num="257" type="stmt" count="46"/>
        <line num="258" type="stmt" count="46"/>
        <line num="262" type="method" name="convertDates" visibility="protected" complexity="5" crap="5" count="84"/>
        <line num="264" type="stmt" count="84"/>
        <line num="265" type="stmt" count="72"/>
        <line num="266" type="stmt" count="6"/>
        <line num="269" type="stmt" count="66"/>
        <line num="271" type="stmt" count="66"/>
        <line num="272" type="stmt" count="66"/>
        <line num="274" type="stmt" count="8"/>
        <line num="275" type="stmt" count="4"/>
        <line num="278" type="stmt" count="8"/>
        <metrics loc="283" ncloc="243" classes="1" methods="18" coveredmethods="17" conditionals="0" coveredconditionals="0" statements="99" coveredstatements="98" elements="117" coveredelements="115"/>
      </file>
    </package>
    <package name="Talleu\RedisOm\Om\Repository\HashModel">
      <file name="/app/src/Om/Repository/HashModel/HashRepository.php">
        <class name="Talleu\RedisOm\Om\Repository\HashModel\HashRepository" namespace="Talleu\RedisOm\Om\Repository\HashModel">
          <metrics complexity="7" methods="2" coveredmethods="1" conditionals="0" coveredconditionals="0" statements="18" coveredstatements="16" elements="20" coveredelements="17"/>
        </class>
        <line num="19" type="method" name="find" visibility="public" complexity="2" crap="2" count="13"/>
        <line num="21" type="stmt" count="13"/>
        <line num="22" type="stmt" count="13"/>
        <line num="23" type="stmt" count="2"/>
        <line num="26" type="stmt" count="13"/>
        <line num="32" type="method" name="getPropertyValue" visibility="public" complexity="5" crap="5.07" count="3"/>
        <line num="35" type="stmt" count="3"/>
        <line num="36" type="stmt" count="1"/>
        <line num="37" type="stmt" count="1"/>
        <line num="40" type="stmt" count="2"/>
        <line num="41" type="stmt" count="0"/>
        <line num="45" type="stmt" count="2"/>
        <line num="46" type="stmt" count="2"/>
        <line num="47" type="stmt" count="2"/>
        <line num="48" type="stmt" count="1"/>
        <line num="51" type="stmt" count="1"/>
        <line num="52" type="stmt" count="1"/>
        <line num="53" type="stmt" count="0"/>
        <line num="56" type="stmt" count="1"/>
        <line num="58" type="stmt" count="1"/>
        <metrics loc="61" ncloc="54" classes="1" methods="2" coveredmethods="1" conditionals="0" coveredconditionals="0" statements="18" coveredstatements="16" elements="20" coveredelements="17"/>
      </file>
    </package>
    <package name="Talleu\RedisOm\Om\Repository\JsonModel">
      <file name="/app/src/Om/Repository/JsonModel/JsonRepository.php">
        <class name="Talleu\RedisOm\Om\Repository\JsonModel\JsonRepository" namespace="Talleu\RedisOm\Om\Repository\JsonModel">
          <metrics complexity="8" methods="2" coveredmethods="0" conditionals="0" coveredconditionals="0" statements="19" coveredstatements="16" elements="21" coveredelements="16"/>
        </class>
        <line num="19" type="method" name="find" visibility="public" complexity="2" crap="2.06" count="9"/>
        <line num="21" type="stmt" count="9"/>
        <line num="22" type="stmt" count="9"/>
        <line num="23" type="stmt" count="0"/>
        <line num="26" type="stmt" count="9"/>
        <line num="32" type="method" name="getPropertyValue" visibility="public" complexity="6" crap="6.09" count="2"/>
        <line num="35" type="stmt" count="2"/>
        <line num="36" type="stmt" count="1"/>
        <line num="37" type="stmt" count="1"/>
        <line num="40" type="stmt" count="1"/>
        <line num="41" type="stmt" count="1"/>
        <line num="42" type="stmt" count="0"/>
        <line num="45" type="stmt" count="1"/>
        <line num="47" type="stmt" count="1"/>
        <line num="48" type="stmt" count="1"/>
        <line num="49" type="stmt" count="1"/>
        <line num="51" type="stmt" count="1"/>
        <line num="52" type="stmt" count="1"/>
        <line num="54" type="stmt" count="0"/>
        <line num="57" type="stmt" count="1"/>
        <line num="59" type="stmt" count="1"/>
        <metrics loc="62" ncloc="55" classes="1" methods="2" coveredmethods="0" conditionals="0" coveredconditionals="0" statements="19" coveredstatements="16" elements="21" coveredelements="16"/>
      </file>
    </package>
    <file name="/app/src/Om/Repository/RepositoryInterface.php">
      <metrics loc="88" ncloc="43" classes="0" methods="0" coveredmethods="0" conditionals="0" coveredconditionals="0" statements="0" coveredstatements="0" elements="0" coveredelements="0"/>
    </file>
    <metrics files="78" loc="4779" ncloc="4246" classes="59" methods="232" coveredmethods="120" conditionals="0" coveredconditionals="0" statements="1320" coveredstatements="971" elements="1552" coveredelements="1091"/>
  </project>
</coverage>
